<?xml version="1.0" encoding="UTF-8"?>
<testng-results ignored="0" total="1" passed="1" failed="0" skipped="0">
  <reporter-output>
  </reporter-output>
  <suite started-at="2023-05-09T20:07:06 AST" name="Default suite" finished-at="2023-05-09T20:07:50 AST" duration-ms="44750">
    <groups>
    </groups>
    <test started-at="2023-05-09T20:07:06 AST" name="Default test" finished-at="2023-05-09T20:07:50 AST" duration-ms="44750">
      <class name="myTest">
        <test-method is-config="true" signature="beforeTest()[pri:0, instance:myTest@738dc9b]" started-at="2023-05-09T20:07:06 AST" name="beforeTest" finished-at="2023-05-09T20:07:30 AST" duration-ms="24254" status="PASS">
          <reporter-output>
          </reporter-output>
        </test-method> <!-- beforeTest -->
        <test-method signature="test_again()[pri:0, instance:myTest@738dc9b]" started-at="2023-05-09T20:07:30 AST" name="test_again" finished-at="2023-05-09T20:07:50 AST" duration-ms="20454" status="PASS">
          <reporter-output>
          </reporter-output>
        </test-method> <!-- test_again -->
      </class> <!-- myTest -->
    </test> <!-- Default test -->
  </suite> <!-- Default suite -->
</testng-results>
